build/app/intermediates/manifest_merge_blame_file/release/manifest-merger-blame-release-report.txt
1<?xml version="1.0" encoding="utf-8"?>
2<manifest xmlns:android="http://schemas.android.com/apk/res/android"
3    package="com.example.stripe_payment"
4    android:versionCode="1"
5    android:versionName="1.0.0" >
6
7    <uses-sdk
8        android:minSdkVersion="21"
8-->src\main\AndroidManifest.xml
9        android:targetSdkVersion="31" />
9-->src\main\AndroidManifest.xml
10
11    <uses-permission android:name="android.permission.INTERNET" /> <!-- See https://developer.android.com/training/package-visibility/declaring for more details. -->
11-->[com.stripe:financial-connections:20.4.0] AndroidManifest.xml:9:5-67
11-->[com.stripe:financial-connections:20.4.0] AndroidManifest.xml:9:22-64
12    <queries>
12-->[com.stripe:financial-connections:20.4.0] AndroidManifest.xml:12:5-20:15
13
14        <!-- Added to check the default browser that will host the AuthFlow. -->
15        <intent>
15-->[com.stripe:financial-connections:20.4.0] AndroidManifest.xml:15:9-19:18
16            <action android:name="android.intent.action.VIEW" />
16-->[com.stripe:financial-connections:20.4.0] AndroidManifest.xml:16:13-65
16-->[com.stripe:financial-connections:20.4.0] AndroidManifest.xml:16:21-62
17
18            <data android:scheme="http" />
18-->[com.stripe:financial-connections:20.4.0] AndroidManifest.xml:18:13-43
18-->[com.stripe:financial-connections:20.4.0] AndroidManifest.xml:18:19-40
19        </intent>
20        <!-- Added to check if Chrome is installed for browser-based payment authentication (e.g. 3DS1). -->
21        <package android:name="com.android.chrome" /> <!-- Needs to be explicitly declared on Android R+ -->
21-->[com.stripe:payments-core:20.4.0] AndroidManifest.xml:13:9-54
21-->[com.stripe:payments-core:20.4.0] AndroidManifest.xml:13:18-51
22        <package android:name="com.google.android.apps.maps" />
22-->[com.google.android.gms:play-services-maps:18.0.2] AndroidManifest.xml:33:9-64
22-->[com.google.android.gms:play-services-maps:18.0.2] AndroidManifest.xml:33:18-61
23    </queries> <!-- Include required permissions for Google Maps API to run. -->
24    <uses-permission android:name="android.permission.ACCESS_NETWORK_STATE" />
24-->[com.google.android.gms:play-services-maps:18.0.2] AndroidManifest.xml:23:5-79
24-->[com.google.android.gms:play-services-maps:18.0.2] AndroidManifest.xml:23:22-76
25
26    <uses-feature
26-->[com.google.android.gms:play-services-maps:18.0.2] AndroidManifest.xml:26:5-28:35
27        android:glEsVersion="0x00020000"
27-->[com.google.android.gms:play-services-maps:18.0.2] AndroidManifest.xml:27:9-41
28        android:required="true" />
28-->[com.google.android.gms:play-services-maps:18.0.2] AndroidManifest.xml:28:9-32
29
30    <application
30-->src\main\AndroidManifest.xml:3:4-41:19
31        android:appComponentFactory="androidx.core.app.CoreComponentFactory"
31-->[androidx.core:core:1.7.0] AndroidManifest.xml:24:18-86
32        android:icon="@mipmap/ic_launcher"
32-->src\main\AndroidManifest.xml:5:9-43
33        android:label="stripe_payment" >
33-->src\main\AndroidManifest.xml:4:9-39
34        <activity
34-->src\main\AndroidManifest.xml:7:9-35:20
35            android:name="com.example.stripe_payment.MainActivity"
35-->src\main\AndroidManifest.xml:8:13-41
36            android:configChanges="orientation|keyboardHidden|keyboard|screenSize|smallestScreenSize|locale|layoutDirection|fontScale|screenLayout|density|uiMode"
36-->src\main\AndroidManifest.xml:11:13-163
37            android:hardwareAccelerated="true"
37-->src\main\AndroidManifest.xml:12:13-47
38            android:launchMode="singleTop"
38-->src\main\AndroidManifest.xml:9:13-43
39            android:theme="@style/Theme.AppCompat.Light.NoActionBar"
39-->src\main\AndroidManifest.xml:10:13-69
40            android:windowSoftInputMode="adjustResize" >
40-->src\main\AndroidManifest.xml:13:13-55
41
42            <!--
43                 Specifies an Android theme to apply to this Activity as soon as
44                 the Android process has started. This theme is visible to the user
45                 while the Flutter UI initializes. After that, this theme continues
46                 to determine the Window background behind the Flutter UI.
47            -->
48            <meta-data
48-->src\main\AndroidManifest.xml:18:13-21:17
49                android:name="io.flutter.embedding.android.NormalTheme"
49-->src\main\AndroidManifest.xml:19:15-70
50                android:resource="@style/NormalTheme" />
50-->src\main\AndroidManifest.xml:20:15-52
51            <!--
52                 Displays an Android View that continues showing the launch screen
53                 Drawable until Flutter paints its first frame, then this splash
54                 screen fades out. A splash screen is useful to avoid any visual
55                 gap between the end of Android's launch screen and the painting of
56                 Flutter's first frame.
57            -->
58            <meta-data
58-->src\main\AndroidManifest.xml:27:13-30:17
59                android:name="io.flutter.embedding.android.SplashScreenDrawable"
59-->src\main\AndroidManifest.xml:28:15-79
60                android:resource="@drawable/launch_background" />
60-->src\main\AndroidManifest.xml:29:15-61
61
62            <intent-filter>
62-->src\main\AndroidManifest.xml:31:13-34:29
63                <action android:name="android.intent.action.MAIN" />
63-->src\main\AndroidManifest.xml:32:17-68
63-->src\main\AndroidManifest.xml:32:25-66
64
65                <category android:name="android.intent.category.LAUNCHER" />
65-->src\main\AndroidManifest.xml:33:17-76
65-->src\main\AndroidManifest.xml:33:27-74
66            </intent-filter>
67        </activity>
68        <!--
69             Don't delete the meta-data below.
70             This is used by the Flutter tool to generate GeneratedPluginRegistrant.java
71        -->
72        <meta-data
72-->src\main\AndroidManifest.xml:38:9-40:33
73            android:name="flutterEmbedding"
73-->src\main\AndroidManifest.xml:39:13-44
74            android:value="2" />
74-->src\main\AndroidManifest.xml:40:13-30
75
76        <activity
76-->[com.stripe:financial-connections:20.4.0] AndroidManifest.xml:23:9-42:20
77            android:name="com.stripe.android.financialconnections.FinancialConnectionsSheetRedirectActivity"
77-->[com.stripe:financial-connections:20.4.0] AndroidManifest.xml:24:13-109
78            android:exported="true" >
78-->[com.stripe:financial-connections:20.4.0] AndroidManifest.xml:25:13-36
79            <intent-filter>
79-->[com.stripe:financial-connections:20.4.0] AndroidManifest.xml:26:13-41:29
80                <action android:name="android.intent.action.VIEW" />
80-->[com.stripe:financial-connections:20.4.0] AndroidManifest.xml:16:13-65
80-->[com.stripe:financial-connections:20.4.0] AndroidManifest.xml:16:21-62
81
82                <category android:name="android.intent.category.DEFAULT" />
82-->[com.stripe:financial-connections:20.4.0] AndroidManifest.xml:29:17-76
82-->[com.stripe:financial-connections:20.4.0] AndroidManifest.xml:29:27-73
83                <category android:name="android.intent.category.BROWSABLE" />
83-->[com.stripe:financial-connections:20.4.0] AndroidManifest.xml:30:17-78
83-->[com.stripe:financial-connections:20.4.0] AndroidManifest.xml:30:27-75
84
85                <!-- Accepts success and cancel URIs that begin with "stripe-auth://link-accounts” -->
86                <data
86-->[com.stripe:financial-connections:20.4.0] AndroidManifest.xml:18:13-43
87                    android:host="link-accounts"
88                    android:path="/com.example.stripe_payment/success"
89                    android:scheme="stripe-auth" />
89-->[com.stripe:financial-connections:20.4.0] AndroidManifest.xml:18:19-40
90                <data
90-->[com.stripe:financial-connections:20.4.0] AndroidManifest.xml:18:13-43
91                    android:host="link-accounts"
92                    android:path="/com.example.stripe_payment/cancel"
93                    android:scheme="stripe-auth" />
93-->[com.stripe:financial-connections:20.4.0] AndroidManifest.xml:18:19-40
94            </intent-filter>
95        </activity>
96        <activity
96-->[com.stripe:financial-connections:20.4.0] AndroidManifest.xml:43:9-46:57
97            android:name="com.stripe.android.financialconnections.FinancialConnectionsSheetActivity"
97-->[com.stripe:financial-connections:20.4.0] AndroidManifest.xml:44:13-101
98            android:exported="false"
98-->[com.stripe:financial-connections:20.4.0] AndroidManifest.xml:45:13-37
99            android:theme="@style/StripeDefaultTheme" />
99-->[com.stripe:financial-connections:20.4.0] AndroidManifest.xml:46:13-54
100        <activity
100-->[com.stripe:paymentsheet:20.4.0] AndroidManifest.xml:10:9-13:69
101            android:name="com.stripe.android.paymentsheet.PaymentSheetActivity"
101-->[com.stripe:paymentsheet:20.4.0] AndroidManifest.xml:11:13-80
102            android:exported="false"
102-->[com.stripe:paymentsheet:20.4.0] AndroidManifest.xml:12:13-37
103            android:theme="@style/StripePaymentSheetDefaultTheme" />
103-->[com.stripe:paymentsheet:20.4.0] AndroidManifest.xml:13:13-66
104        <activity
104-->[com.stripe:paymentsheet:20.4.0] AndroidManifest.xml:14:9-17:69
105            android:name="com.stripe.android.paymentsheet.PaymentOptionsActivity"
105-->[com.stripe:paymentsheet:20.4.0] AndroidManifest.xml:15:13-82
106            android:exported="false"
106-->[com.stripe:paymentsheet:20.4.0] AndroidManifest.xml:16:13-37
107            android:theme="@style/StripePaymentSheetDefaultTheme" />
107-->[com.stripe:paymentsheet:20.4.0] AndroidManifest.xml:17:13-66
108        <activity
108-->[com.stripe:link:20.4.0] AndroidManifest.xml:10:9-13:44
109            android:name="com.stripe.android.link.LinkActivity"
109-->[com.stripe:link:20.4.0] AndroidManifest.xml:11:13-64
110            android:exported="false"
110-->[com.stripe:link:20.4.0] AndroidManifest.xml:12:13-37
111            android:label="@string/link" />
111-->[com.stripe:link:20.4.0] AndroidManifest.xml:13:13-41
112        <activity
112-->[com.stripe:payments-ui-core:20.4.0] AndroidManifest.xml:10:9-13:69
113            android:name="com.stripe.android.ui.core.cardscan.CardScanActivity"
113-->[com.stripe:payments-ui-core:20.4.0] AndroidManifest.xml:11:13-80
114            android:exported="false"
114-->[com.stripe:payments-ui-core:20.4.0] AndroidManifest.xml:12:13-37
115            android:theme="@style/StripePaymentSheetDefaultTheme" />
115-->[com.stripe:payments-ui-core:20.4.0] AndroidManifest.xml:13:13-66
116        <activity
116-->[com.stripe:payments-core:20.4.0] AndroidManifest.xml:17:9-20:57
117            android:name="com.stripe.android.view.AddPaymentMethodActivity"
117-->[com.stripe:payments-core:20.4.0] AndroidManifest.xml:18:13-76
118            android:exported="false"
118-->[com.stripe:payments-core:20.4.0] AndroidManifest.xml:19:13-37
119            android:theme="@style/StripeDefaultTheme" />
119-->[com.stripe:payments-core:20.4.0] AndroidManifest.xml:20:13-54
120        <activity
120-->[com.stripe:payments-core:20.4.0] AndroidManifest.xml:21:9-24:57
121            android:name="com.stripe.android.view.PaymentMethodsActivity"
121-->[com.stripe:payments-core:20.4.0] AndroidManifest.xml:22:13-74
122            android:exported="false"
122-->[com.stripe:payments-core:20.4.0] AndroidManifest.xml:23:13-37
123            android:theme="@style/StripeDefaultTheme" />
123-->[com.stripe:payments-core:20.4.0] AndroidManifest.xml:24:13-54
124        <activity
124-->[com.stripe:payments-core:20.4.0] AndroidManifest.xml:25:9-28:57
125            android:name="com.stripe.android.view.PaymentFlowActivity"
125-->[com.stripe:payments-core:20.4.0] AndroidManifest.xml:26:13-71
126            android:exported="false"
126-->[com.stripe:payments-core:20.4.0] AndroidManifest.xml:27:13-37
127            android:theme="@style/StripeDefaultTheme" />
127-->[com.stripe:payments-core:20.4.0] AndroidManifest.xml:28:13-54
128        <activity
128-->[com.stripe:payments-core:20.4.0] AndroidManifest.xml:29:9-33:58
129            android:name="com.stripe.android.view.PaymentAuthWebViewActivity"
129-->[com.stripe:payments-core:20.4.0] AndroidManifest.xml:30:13-78
130            android:exported="false"
130-->[com.stripe:payments-core:20.4.0] AndroidManifest.xml:31:13-37
131            android:theme="@style/StripeDefaultTheme"
131-->[com.stripe:payments-core:20.4.0] AndroidManifest.xml:32:13-54
132            android:windowSoftInputMode="adjustResize" />
132-->[com.stripe:payments-core:20.4.0] AndroidManifest.xml:33:13-55
133        <activity
133-->[com.stripe:payments-core:20.4.0] AndroidManifest.xml:34:9-37:61
134            android:name="com.stripe.android.view.PaymentRelayActivity"
134-->[com.stripe:payments-core:20.4.0] AndroidManifest.xml:35:13-72
135            android:exported="false"
135-->[com.stripe:payments-core:20.4.0] AndroidManifest.xml:36:13-37
136            android:theme="@style/StripeTransparentTheme" />
136-->[com.stripe:payments-core:20.4.0] AndroidManifest.xml:37:13-58
137        <!--
138        Set android:launchMode="singleTop" so that the StripeBrowserLauncherActivity instance that
139        launched the browser Activity will also handle the return URL deep link.
140        -->
141        <activity
141-->[com.stripe:payments-core:20.4.0] AndroidManifest.xml:43:9-47:61
142            android:name="com.stripe.android.payments.StripeBrowserLauncherActivity"
142-->[com.stripe:payments-core:20.4.0] AndroidManifest.xml:44:13-85
143            android:exported="false"
143-->[com.stripe:payments-core:20.4.0] AndroidManifest.xml:45:13-37
144            android:launchMode="singleTask"
144-->[com.stripe:payments-core:20.4.0] AndroidManifest.xml:46:13-44
145            android:theme="@style/StripeTransparentTheme" />
145-->[com.stripe:payments-core:20.4.0] AndroidManifest.xml:47:13-58
146        <activity
146-->[com.stripe:payments-core:20.4.0] AndroidManifest.xml:48:9-65:20
147            android:name="com.stripe.android.payments.StripeBrowserProxyReturnActivity"
147-->[com.stripe:payments-core:20.4.0] AndroidManifest.xml:49:13-88
148            android:exported="true"
148-->[com.stripe:payments-core:20.4.0] AndroidManifest.xml:50:13-36
149            android:launchMode="singleTask"
149-->[com.stripe:payments-core:20.4.0] AndroidManifest.xml:51:13-44
150            android:theme="@style/StripeTransparentTheme" >
150-->[com.stripe:payments-core:20.4.0] AndroidManifest.xml:52:13-58
151            <intent-filter>
151-->[com.stripe:payments-core:20.4.0] AndroidManifest.xml:53:13-64:29
152                <action android:name="android.intent.action.VIEW" />
152-->[com.stripe:financial-connections:20.4.0] AndroidManifest.xml:16:13-65
152-->[com.stripe:financial-connections:20.4.0] AndroidManifest.xml:16:21-62
153
154                <category android:name="android.intent.category.DEFAULT" />
154-->[com.stripe:financial-connections:20.4.0] AndroidManifest.xml:29:17-76
154-->[com.stripe:financial-connections:20.4.0] AndroidManifest.xml:29:27-73
155                <category android:name="android.intent.category.BROWSABLE" />
155-->[com.stripe:financial-connections:20.4.0] AndroidManifest.xml:30:17-78
155-->[com.stripe:financial-connections:20.4.0] AndroidManifest.xml:30:27-75
156
157                <!-- Must match `DefaultReturnUrl#value`. -->
158                <data
158-->[com.stripe:financial-connections:20.4.0] AndroidManifest.xml:18:13-43
159                    android:host="payment_return_url"
160                    android:path="/com.example.stripe_payment"
161                    android:scheme="stripesdk" />
161-->[com.stripe:financial-connections:20.4.0] AndroidManifest.xml:18:19-40
162            </intent-filter>
163        </activity>
164        <activity
164-->[com.stripe:payments-core:20.4.0] AndroidManifest.xml:66:9-69:57
165            android:name="com.stripe.android.payments.core.authentication.threeds2.Stripe3ds2TransactionActivity"
165-->[com.stripe:payments-core:20.4.0] AndroidManifest.xml:67:13-114
166            android:exported="false"
166-->[com.stripe:payments-core:20.4.0] AndroidManifest.xml:68:13-37
167            android:theme="@style/StripeDefaultTheme" />
167-->[com.stripe:payments-core:20.4.0] AndroidManifest.xml:69:13-54
168        <activity
168-->[com.stripe:payments-core:20.4.0] AndroidManifest.xml:70:9-73:66
169            android:name="com.stripe.android.googlepaylauncher.StripeGooglePayActivity"
169-->[com.stripe:payments-core:20.4.0] AndroidManifest.xml:71:13-88
170            android:exported="false"
170-->[com.stripe:payments-core:20.4.0] AndroidManifest.xml:72:13-37
171            android:theme="@style/StripeGooglePayDefaultTheme" />
171-->[com.stripe:payments-core:20.4.0] AndroidManifest.xml:73:13-63
172        <activity
172-->[com.stripe:payments-core:20.4.0] AndroidManifest.xml:74:9-77:66
173            android:name="com.stripe.android.googlepaylauncher.GooglePayLauncherActivity"
173-->[com.stripe:payments-core:20.4.0] AndroidManifest.xml:75:13-90
174            android:exported="false"
174-->[com.stripe:payments-core:20.4.0] AndroidManifest.xml:76:13-37
175            android:theme="@style/StripeGooglePayDefaultTheme" />
175-->[com.stripe:payments-core:20.4.0] AndroidManifest.xml:77:13-63
176        <activity
176-->[com.stripe:payments-core:20.4.0] AndroidManifest.xml:78:9-81:66
177            android:name="com.stripe.android.googlepaylauncher.GooglePayPaymentMethodLauncherActivity"
177-->[com.stripe:payments-core:20.4.0] AndroidManifest.xml:79:13-103
178            android:exported="false"
178-->[com.stripe:payments-core:20.4.0] AndroidManifest.xml:80:13-37
179            android:theme="@style/StripeGooglePayDefaultTheme" />
179-->[com.stripe:payments-core:20.4.0] AndroidManifest.xml:81:13-63
180        <activity
180-->[com.stripe:payments-core:20.4.0] AndroidManifest.xml:82:9-85:62
181            android:name="com.stripe.android.payments.paymentlauncher.PaymentLauncherConfirmationActivity"
181-->[com.stripe:payments-core:20.4.0] AndroidManifest.xml:83:13-107
182            android:exported="false"
182-->[com.stripe:payments-core:20.4.0] AndroidManifest.xml:84:13-37
183            android:theme="@style/PayLauncherDefaultTheme" />
183-->[com.stripe:payments-core:20.4.0] AndroidManifest.xml:85:13-59
184        <activity
184-->[com.stripe:payments-core:20.4.0] AndroidManifest.xml:86:9-89:61
185            android:name="com.stripe.android.payments.bankaccount.ui.CollectBankAccountActivity"
185-->[com.stripe:payments-core:20.4.0] AndroidManifest.xml:87:13-97
186            android:exported="false"
186-->[com.stripe:payments-core:20.4.0] AndroidManifest.xml:88:13-37
187            android:theme="@style/StripeTransparentTheme" />
187-->[com.stripe:payments-core:20.4.0] AndroidManifest.xml:89:13-58
188        <activity
188-->[com.stripe:stripe-3ds2-android:6.1.5] AndroidManifest.xml:10:9-13:54
189            android:name="com.stripe.android.stripe3ds2.views.ChallengeActivity"
189-->[com.stripe:stripe-3ds2-android:6.1.5] AndroidManifest.xml:11:13-81
190            android:exported="false"
190-->[com.stripe:stripe-3ds2-android:6.1.5] AndroidManifest.xml:12:13-37
191            android:theme="@style/Stripe3DS2Theme" />
191-->[com.stripe:stripe-3ds2-android:6.1.5] AndroidManifest.xml:13:13-51
192
193        <uses-library
193-->[androidx.window:window:1.0.0-beta04] AndroidManifest.xml:25:9-27:40
194            android:name="androidx.window.extensions"
194-->[androidx.window:window:1.0.0-beta04] AndroidManifest.xml:26:13-54
195            android:required="false" />
195-->[androidx.window:window:1.0.0-beta04] AndroidManifest.xml:27:13-37
196        <uses-library
196-->[androidx.window:window:1.0.0-beta04] AndroidManifest.xml:28:9-30:40
197            android:name="androidx.window.sidecar"
197-->[androidx.window:window:1.0.0-beta04] AndroidManifest.xml:29:13-51
198            android:required="false" /> <!-- Needs to be explicitly declared on P+ -->
198-->[androidx.window:window:1.0.0-beta04] AndroidManifest.xml:30:13-37
199        <uses-library
199-->[com.google.android.gms:play-services-maps:18.0.2] AndroidManifest.xml:39:9-41:40
200            android:name="org.apache.http.legacy"
200-->[com.google.android.gms:play-services-maps:18.0.2] AndroidManifest.xml:40:13-50
201            android:required="false" />
201-->[com.google.android.gms:play-services-maps:18.0.2] AndroidManifest.xml:41:13-37
202
203        <activity
203-->[com.google.android.gms:play-services-base:18.0.1] AndroidManifest.xml:20:9-22:45
204            android:name="com.google.android.gms.common.api.GoogleApiActivity"
204-->[com.google.android.gms:play-services-base:18.0.1] AndroidManifest.xml:20:19-85
205            android:exported="false"
205-->[com.google.android.gms:play-services-base:18.0.1] AndroidManifest.xml:22:19-43
206            android:theme="@android:style/Theme.Translucent.NoTitleBar" />
206-->[com.google.android.gms:play-services-base:18.0.1] AndroidManifest.xml:21:19-78
207
208        <meta-data
208-->[com.google.android.gms:play-services-basement:18.0.0] AndroidManifest.xml:21:9-23:69
209            android:name="com.google.android.gms.version"
209-->[com.google.android.gms:play-services-basement:18.0.0] AndroidManifest.xml:22:13-58
210            android:value="@integer/google_play_services_version" />
210-->[com.google.android.gms:play-services-basement:18.0.0] AndroidManifest.xml:23:13-66
211
212        <provider
212-->[androidx.emoji2:emoji2:1.0.0] AndroidManifest.xml:26:9-34:20
213            android:name="androidx.startup.InitializationProvider"
213-->[androidx.emoji2:emoji2:1.0.0] AndroidManifest.xml:27:13-67
214            android:authorities="com.example.stripe_payment.androidx-startup"
214-->[androidx.emoji2:emoji2:1.0.0] AndroidManifest.xml:28:13-68
215            android:exported="false" >
215-->[androidx.emoji2:emoji2:1.0.0] AndroidManifest.xml:29:13-37
216            <meta-data
216-->[androidx.emoji2:emoji2:1.0.0] AndroidManifest.xml:31:13-33:52
217                android:name="androidx.emoji2.text.EmojiCompatInitializer"
217-->[androidx.emoji2:emoji2:1.0.0] AndroidManifest.xml:32:17-75
218                android:value="androidx.startup" />
218-->[androidx.emoji2:emoji2:1.0.0] AndroidManifest.xml:33:17-49
219            <meta-data
219-->[androidx.lifecycle:lifecycle-process:2.4.0] AndroidManifest.xml:31:13-33:52
220                android:name="androidx.lifecycle.ProcessLifecycleInitializer"
220-->[androidx.lifecycle:lifecycle-process:2.4.0] AndroidManifest.xml:32:17-78
221                android:value="androidx.startup" />
221-->[androidx.lifecycle:lifecycle-process:2.4.0] AndroidManifest.xml:33:17-49
222            <meta-data
222-->[androidx.profileinstaller:profileinstaller:1.1.0] AndroidManifest.xml:31:13-33:52
223                android:name="androidx.profileinstaller.ProfileInstallerInitializer"
223-->[androidx.profileinstaller:profileinstaller:1.1.0] AndroidManifest.xml:32:17-85
224                android:value="androidx.startup" />
224-->[androidx.profileinstaller:profileinstaller:1.1.0] AndroidManifest.xml:33:17-49
225        </provider>
226
227        <receiver
227-->[androidx.profileinstaller:profileinstaller:1.1.0] AndroidManifest.xml:36:9-45:20
228            android:name="androidx.profileinstaller.ProfileInstallReceiver"
228-->[androidx.profileinstaller:profileinstaller:1.1.0] AndroidManifest.xml:37:13-76
229            android:directBootAware="false"
229-->[androidx.profileinstaller:profileinstaller:1.1.0] AndroidManifest.xml:38:13-44
230            android:enabled="true"
230-->[androidx.profileinstaller:profileinstaller:1.1.0] AndroidManifest.xml:39:13-35
231            android:exported="true"
231-->[androidx.profileinstaller:profileinstaller:1.1.0] AndroidManifest.xml:40:13-36
232            android:permission="android.permission.DUMP" >
232-->[androidx.profileinstaller:profileinstaller:1.1.0] AndroidManifest.xml:41:13-57
233            <intent-filter>
233-->[androidx.profileinstaller:profileinstaller:1.1.0] AndroidManifest.xml:42:13-44:29
234                <action android:name="androidx.profileinstaller.action.INSTALL_PROFILE" />
234-->[androidx.profileinstaller:profileinstaller:1.1.0] AndroidManifest.xml:43:17-91
234-->[androidx.profileinstaller:profileinstaller:1.1.0] AndroidManifest.xml:43:25-88
235            </intent-filter>
236        </receiver>
237
238        <meta-data
238-->[com.google.android.instantapps:instantapps:1.1.0] AndroidManifest.xml:10:9-12:33
239            android:name="aia-compat-api-min-version"
239-->[com.google.android.instantapps:instantapps:1.1.0] AndroidManifest.xml:11:13-54
240            android:value="1" />
240-->[com.google.android.instantapps:instantapps:1.1.0] AndroidManifest.xml:12:13-30
241    </application>
242
243</manifest>